<?xml version="1.0" encoding="UTF-8"?>
<!-- Generated by org.testng.reporters.JUnitReportReporter -->
<testsuite hostname="DESKTOP-QND783A" failures="0" tests="1" name="scripts.TC1" time="13.669" errors="0" timestamp="2024-07-09T08:37:44 IST" skipped="0">
  <testcase classname="scripts.TC1" name="test1" time="13.669"/>
</testsuite> <!-- scripts.TC1 -->
