<?xml version="1.0" encoding="UTF-8"?>
<!-- Generated by org.testng.reporters.JUnitReportReporter -->
<testsuite hostname="DESKTOP-QND783A" failures="0" tests="1" name="scripts.TC2" time="8.148" errors="0" timestamp="2024-07-04T09:16:08 IST" skipped="0">
  <testcase classname="scripts.TC2" name="test2" time="8.148"/>
</testsuite> <!-- scripts.TC2 -->
